[2025-08-17T22:22:30.595Z] INFO: 🔧 Validating enhanced configuration...
[2025-08-17T22:22:30.597Z] INFO: 📡 RPC: https://api.devnet.solana.com
[2025-08-17T22:22:30.597Z] INFO: 💱 Supported tokens: SOL, USDC, USDT, RAY, ORCA
[2025-08-17T22:22:30.598Z] INFO: ⚙️ Min profit: 1.00%
[2025-08-17T22:22:30.598Z] INFO: 💰 Max trade size: 0.05 SOL
[2025-08-17T22:22:30.598Z] INFO: 🚀 Enhanced Features: Real Orca ✅ Real Raydium ✅ Advanced Strategies ✅
[2025-08-17T22:22:30.598Z] INFO: 🚀 Starting ENHANCED Solana Arbitrage Bot v2.0...
[2025-08-17T22:22:30.598Z] INFO: 💰 Wallet: 9kjK5yTwWG38B7WcgPW4h68CPGUci3zpWKZF4xJfMm7b
[2025-08-17T22:22:30.598Z] INFO: 🌐 Network: Devnet
[2025-08-17T22:22:31.090Z] INFO: 💎 Initial balance: 1.000000 SOL
[2025-08-17T22:22:31.138Z] INFO: 🔄 Initializing enhanced market data with REAL integrations...
[2025-08-17T22:22:31.140Z] INFO: 🌊 Initializing simplified Orca integration...
[2025-08-17T22:22:31.151Z] INFO: ⚡ Initializing simplified Raydium integration...
[2025-08-17T22:22:31.191Z] WARN: Using fallback Raydium prices
[2025-08-17T22:22:31.191Z] INFO: ✅ Raydium integration ready
[2025-08-17T22:22:31.192Z] WARN: Using fallback Orca prices
[2025-08-17T22:22:31.192Z] INFO: ✅ Orca integration ready
[2025-08-17T22:22:31.194Z] WARN: Failed to fetch Jupiter prices | {"message":"getaddrinfo ENOTFOUND price.jup.ag","name":"Error","stack":"Error: getaddrinfo ENOTFOUND price.jup.ag\n    at Function.AxiosError.from (/Users/lux/solana-arbitrage-bot-v2/node_modules/axios/lib/core/AxiosError.js:92:14)\n    at RedirectableRequest.handleRequestError (/Users/lux/solana-arbitrage-bot-v2/node_modules/axios/lib/adapters/http.js:620:25)\n    at RedirectableRequest.emit (node:events:536:35)\n    at RedirectableRequest.emit (node:domain:489:12)\n    at ClientRequest.eventHandlers.<computed> (/Users/lux/solana-arbitrage-bot-v2/node_modules/follow-redirects/index.js:49:24)\n    at ClientRequest.emit (node:events:524:28)\n    at ClientRequest.emit (node:domain:489:12)\n    at emitErrorEvent (node:_http_client:101:11)\n    at TLSSocket.socketErrorListener (node:_http_client:504:5)\n    at TLSSocket.emit (node:events:524:28)\n    at Axios.request (/Users/lux/solana-arbitrage-bot-v2/node_modules/axios/lib/core/Axios.js:45:41)\n    at processTicksAndRejections (node:internal/process/task_queues:95:5)\n    at async EnhancedMarketDataManager.initializeJupiterPrices (/Users/lux/solana-arbitrage-bot-v2/bot/src/main.ts:311:24)\n    at async EnhancedMarketDataManager.initialize (/Users/lux/solana-arbitrage-bot-v2/bot/src/main.ts:266:7)\n    at async EnhancedSolanaArbitrageBot.start (/Users/lux/solana-arbitrage-bot-v2/bot/src/main.ts:644:7)\n    at async main (/Users/lux/solana-arbitrage-bot-v2/bot/src/main.ts:808:5)","config":{"transitional":{"silentJSONParsing":true,"forcedJSONParsing":true,"clarifyTimeoutError":false},"adapter":["xhr","http","fetch"],"transformRequest":[null],"transformResponse":[null],"timeout":10000,"xsrfCookieName":"XSRF-TOKEN","xsrfHeaderName":"X-XSRF-TOKEN","maxContentLength":-1,"maxBodyLength":-1,"env":{},"headers":{"Accept":"application/json, text/plain, */*","User-Agent":"axios/1.11.0","Accept-Encoding":"gzip, compress, deflate, br"},"method":"get","url":"https://price.jup.ag/v4/price?ids=SOL,USDC,USDT,RAY,ORCA","allowAbsoluteUrls":true},"code":"ENOTFOUND"}
[2025-08-17T22:22:31.195Z] INFO: ✅ Enhanced market data connections established
[2025-08-17T22:22:31.195Z] INFO: ✅ Enhanced bot started with REAL integrations!
[2025-08-17T22:22:31.197Z] INFO: 💡 Enhanced bot is running! Type "help" for commands.
[2025-08-17T22:22:35.201Z] WARN: Using fallback Orca prices
[2025-08-17T22:22:35.202Z] WARN: Using fallback Raydium prices
[2025-08-17T22:22:35.202Z] WARN: Failed to fetch Jupiter prices | {"message":"getaddrinfo ENOTFOUND price.jup.ag","name":"Error","stack":"Error: getaddrinfo ENOTFOUND price.jup.ag\n    at Function.AxiosError.from (/Users/lux/solana-arbitrage-bot-v2/node_modules/axios/lib/core/AxiosError.js:92:14)\n    at RedirectableRequest.handleRequestError (/Users/lux/solana-arbitrage-bot-v2/node_modules/axios/lib/adapters/http.js:620:25)\n    at RedirectableRequest.emit (node:events:536:35)\n    at RedirectableRequest.emit (node:domain:489:12)\n    at ClientRequest.eventHandlers.<computed> (/Users/lux/solana-arbitrage-bot-v2/node_modules/follow-redirects/index.js:49:24)\n    at ClientRequest.emit (node:events:524:28)\n    at ClientRequest.emit (node:domain:489:12)\n    at emitErrorEvent (node:_http_client:101:11)\n    at TLSSocket.socketErrorListener (node:_http_client:504:5)\n    at TLSSocket.emit (node:events:524:28)\n    at Axios.request (/Users/lux/solana-arbitrage-bot-v2/node_modules/axios/lib/core/Axios.js:45:41)\n    at processTicksAndRejections (node:internal/process/task_queues:95:5)\n    at async EnhancedMarketDataManager.initializeJupiterPrices (/Users/lux/solana-arbitrage-bot-v2/bot/src/main.ts:311:24)\n    at async Promise.allSettled (index 2)\n    at async Timeout._onTimeout (/Users/lux/solana-arbitrage-bot-v2/bot/src/main.ts:279:9)","config":{"transitional":{"silentJSONParsing":true,"forcedJSONParsing":true,"clarifyTimeoutError":false},"adapter":["xhr","http","fetch"],"transformRequest":[null],"transformResponse":[null],"timeout":10000,"xsrfCookieName":"XSRF-TOKEN","xsrfHeaderName":"X-XSRF-TOKEN","maxContentLength":-1,"maxBodyLength":-1,"env":{},"headers":{"Accept":"application/json, text/plain, */*","User-Agent":"axios/1.11.0","Accept-Encoding":"gzip, compress, deflate, br"},"method":"get","url":"https://price.jup.ag/v4/price?ids=SOL,USDC,USDT,RAY,ORCA","allowAbsoluteUrls":true},"code":"ENOTFOUND"}
[2025-08-17T22:22:39.208Z] WARN: Using fallback Orca prices
[2025-08-17T22:22:39.212Z] WARN: Using fallback Raydium prices
[2025-08-17T22:22:39.213Z] WARN: Failed to fetch Jupiter prices | {"message":"getaddrinfo ENOTFOUND price.jup.ag","name":"Error","stack":"Error: getaddrinfo ENOTFOUND price.jup.ag\n    at Function.AxiosError.from (/Users/lux/solana-arbitrage-bot-v2/node_modules/axios/lib/core/AxiosError.js:92:14)\n    at RedirectableRequest.handleRequestError (/Users/lux/solana-arbitrage-bot-v2/node_modules/axios/lib/adapters/http.js:620:25)\n    at RedirectableRequest.emit (node:events:536:35)\n    at RedirectableRequest.emit (node:domain:489:12)\n    at ClientRequest.eventHandlers.<computed> (/Users/lux/solana-arbitrage-bot-v2/node_modules/follow-redirects/index.js:49:24)\n    at ClientRequest.emit (node:events:524:28)\n    at ClientRequest.emit (node:domain:489:12)\n    at emitErrorEvent (node:_http_client:101:11)\n    at TLSSocket.socketErrorListener (node:_http_client:504:5)\n    at TLSSocket.emit (node:events:524:28)\n    at Axios.request (/Users/lux/solana-arbitrage-bot-v2/node_modules/axios/lib/core/Axios.js:45:41)\n    at processTicksAndRejections (node:internal/process/task_queues:95:5)\n    at async EnhancedMarketDataManager.initializeJupiterPrices (/Users/lux/solana-arbitrage-bot-v2/bot/src/main.ts:311:24)\n    at async Promise.allSettled (index 2)\n    at async Timeout._onTimeout (/Users/lux/solana-arbitrage-bot-v2/bot/src/main.ts:279:9)","config":{"transitional":{"silentJSONParsing":true,"forcedJSONParsing":true,"clarifyTimeoutError":false},"adapter":["xhr","http","fetch"],"transformRequest":[null],"transformResponse":[null],"timeout":10000,"xsrfCookieName":"XSRF-TOKEN","xsrfHeaderName":"X-XSRF-TOKEN","maxContentLength":-1,"maxBodyLength":-1,"env":{},"headers":{"Accept":"application/json, text/plain, */*","User-Agent":"axios/1.11.0","Accept-Encoding":"gzip, compress, deflate, br"},"method":"get","url":"https://price.jup.ag/v4/price?ids=SOL,USDC,USDT,RAY,ORCA","allowAbsoluteUrls":true},"code":"ENOTFOUND"}
[2025-08-17T22:22:40.064Z] WARN: 
🛑 Received SIGINT, shutting down enhanced bot...
[2025-08-17T22:22:40.065Z] INFO: 🛑 Stopping enhanced bot...
[2025-08-17T22:22:40.065Z] INFO: Enhanced market data connections cleaned up
[2025-08-17T22:22:40.065Z] INFO: 📊 Final Enhanced Statistics: | {"runtime":0.15778333333333333,"totalTrades":0,"successfulTrades":0,"successRate":0,"totalProfit":0}
[2025-08-17T22:22:40.066Z] INFO: ✅ Enhanced bot stopped successfully
